TN:
SF:E:\THU life\大二下\软件工程\test-frontend\src\components\Header.vue
FN:59,(anonymous_1)
FN:63,(anonymous_2)
FN:74,(anonymous_3)
FN:75,(anonymous_4)
FN:79,(anonymous_5)
FN:85,(anonymous_6)
FNF:6
FNH:0
FNDA:0,(anonymous_1)
FNDA:0,(anonymous_2)
FNDA:0,(anonymous_3)
FNDA:0,(anonymous_4)
FNDA:0,(anonymous_5)
FNDA:0,(anonymous_6)
DA:45,3
DA:76,0
DA:80,0
DA:81,0
DA:82,0
DA:86,0
DA:87,0
LF:7
LH:1
BRDA:80,0,0,0
BRDA:80,0,1,0
BRF:2
BRH:0
end_of_record
TN:
SF:E:\THU life\大二下\软件工程\test-frontend\src\components\LoginDialog.vue
FN:44,(anonymous_1)
FN:48,(anonymous_2)
FN:51,(anonymous_3)
FN:61,(anonymous_4)
FNF:4
FNH:0
FNDA:0,(anonymous_1)
FNDA:0,(anonymous_2)
FNDA:0,(anonymous_3)
FNDA:0,(anonymous_4)
DA:52,0
DA:62,0
LF:2
LH:0
BRF:0
BRH:0
end_of_record
TN:
SF:E:\THU life\大二下\软件工程\test-frontend\src\components\SignupDialog.vue
FN:48,(anonymous_1)
FN:51,(anonymous_2)
FN:61,(anonymous_3)
FNF:3
FNH:0
FNDA:0,(anonymous_1)
FNDA:0,(anonymous_2)
FNDA:0,(anonymous_3)
DA:52,0
DA:62,0
LF:2
LH:0
BRF:0
BRH:0
end_of_record
TN:
SF:E:\THU life\大二下\软件工程\test-frontend\src\components\admin_exhibition\EditingPic.vue
FN:29,(anonymous_1)
FN:34,(anonymous_2)
FN:38,(anonymous_3)
FN:42,(anonymous_4)
FN:43,(anonymous_5)
FNF:5
FNH:0
FNDA:0,(anonymous_1)
FNDA:0,(anonymous_2)
FNDA:0,(anonymous_3)
FNDA:0,(anonymous_4)
FNDA:0,(anonymous_5)
DA:29,0
DA:34,0
DA:38,0
DA:43,0
DA:44,0
LF:5
LH:0
BRF:0
BRH:0
end_of_record
TN:
SF:E:\THU life\大二下\软件工程\test-frontend\src\components\admin_exhibition\ExbtEditor.vue
FN:53,(anonymous_1)
FN:66,(anonymous_2)
FN:67,(anonymous_3)
FN:73,(anonymous_4)
FN:74,(anonymous_5)
FN:80,(anonymous_6)
FN:101,(anonymous_7)
FNF:7
FNH:4
FNDA:0,(anonymous_1)
FNDA:1,(anonymous_2)
FNDA:0,(anonymous_3)
FNDA:1,(anonymous_4)
FNDA:0,(anonymous_5)
FNDA:1,(anonymous_6)
FNDA:1,(anonymous_7)
DA:54,0
DA:67,1
DA:68,0
DA:74,1
DA:75,0
DA:81,1
DA:102,1
DA:103,0
DA:104,0
DA:105,0
LF:10
LH:4
BRDA:104,0,0,0
BRDA:104,0,1,0
BRF:2
BRH:0
end_of_record
TN:
SF:E:\THU life\大二下\软件工程\test-frontend\src\components\admin_exhibition\NormalPic.vue
FN:34,(anonymous_1)
FN:39,(anonymous_2)
FN:43,(anonymous_3)
FN:47,(anonymous_4)
FN:51,(anonymous_5)
FN:55,(anonymous_6)
FNF:6
FNH:3
FNDA:0,(anonymous_1)
FNDA:0,(anonymous_2)
FNDA:0,(anonymous_3)
FNDA:9,(anonymous_4)
FNDA:9,(anonymous_5)
FNDA:9,(anonymous_6)
DA:34,0
DA:39,0
DA:43,0
DA:47,9
DA:51,9
DA:55,9
LF:6
LH:3
BRF:0
BRH:0
end_of_record
TN:
SF:E:\THU life\大二下\软件工程\test-frontend\src\components\admin_exhibition\PicEditor.vue
FN:53,(anonymous_1)
FN:62,(anonymous_2)
FN:63,(anonymous_3)
FN:69,(anonymous_4)
FN:70,(anonymous_5)
FN:76,(anonymous_6)
FN:97,(anonymous_7)
FNF:7
FNH:0
FNDA:0,(anonymous_1)
FNDA:0,(anonymous_2)
FNDA:0,(anonymous_3)
FNDA:0,(anonymous_4)
FNDA:0,(anonymous_5)
FNDA:0,(anonymous_6)
FNDA:0,(anonymous_7)
DA:54,0
DA:63,0
DA:64,0
DA:70,0
DA:71,0
DA:77,0
DA:98,0
DA:99,0
DA:100,0
DA:101,0
LF:10
LH:0
BRDA:100,0,0,0
BRDA:100,0,1,0
BRF:2
BRH:0
end_of_record
TN:
SF:E:\THU life\大二下\软件工程\test-frontend\src\components\admin_exhibition\SelectingPicforExbt.vue
FN:91,(anonymous_1)
FN:95,(anonymous_2)
FN:96,(anonymous_3)
FN:103,(anonymous_4)
FN:104,(anonymous_5)
FN:110,(anonymous_6)
FN:148,(anonymous_7)
FN:152,(anonymous_8)
FN:162,(anonymous_9)
FN:166,(anonymous_10)
FN:175,(anonymous_11)
FN:186,(anonymous_12)
FN:199,(anonymous_13)
FN:207,(anonymous_14)
FN:209,(anonymous_15)
FNF:15
FNH:0
FNDA:0,(anonymous_1)
FNDA:0,(anonymous_2)
FNDA:0,(anonymous_3)
FNDA:0,(anonymous_4)
FNDA:0,(anonymous_5)
FNDA:0,(anonymous_6)
FNDA:0,(anonymous_7)
FNDA:0,(anonymous_8)
FNDA:0,(anonymous_9)
FNDA:0,(anonymous_10)
FNDA:0,(anonymous_11)
FNDA:0,(anonymous_12)
FNDA:0,(anonymous_13)
FNDA:0,(anonymous_14)
FNDA:0,(anonymous_15)
DA:84,1
DA:85,1
DA:91,0
DA:96,0
DA:97,0
DA:104,0
DA:105,0
DA:111,0
DA:149,0
DA:150,0
DA:153,0
DA:154,0
DA:155,0
DA:156,0
DA:159,0
DA:160,0
DA:163,0
DA:165,0
DA:166,0
DA:170,0
DA:172,0
DA:174,0
DA:175,0
DA:180,0
DA:183,0
DA:187,0
DA:189,0
DA:190,0
DA:192,0
DA:194,0
DA:200,0
DA:201,0
DA:202,0
DA:204,0
DA:208,0
DA:209,0
DA:212,0
LF:37
LH:2
BRDA:155,0,0,0
BRDA:155,0,1,0
BRDA:163,1,0,0
BRDA:163,1,1,0
BRDA:172,2,0,0
BRDA:172,2,1,0
BRDA:187,3,0,0
BRDA:187,3,1,0
BRDA:190,4,0,0
BRDA:190,4,1,0
BRF:10
BRH:0
end_of_record
TN:
SF:E:\THU life\大二下\软件工程\test-frontend\src\components\admin_fixing\SelectFixing.vue
FN:37,(anonymous_1)
FN:38,(anonymous_2)
FN:44,(anonymous_3)
FN:45,(anonymous_4)
FN:51,(anonymous_5)
FN:97,(anonymous_6)
FN:101,(anonymous_7)
FN:106,(anonymous_8)
FN:116,(anonymous_9)
FNF:9
FNH:0
FNDA:0,(anonymous_1)
FNDA:0,(anonymous_2)
FNDA:0,(anonymous_3)
FNDA:0,(anonymous_4)
FNDA:0,(anonymous_5)
FNDA:0,(anonymous_6)
FNDA:0,(anonymous_7)
FNDA:0,(anonymous_8)
FNDA:0,(anonymous_9)
DA:38,0
DA:39,0
DA:45,0
DA:46,0
DA:52,0
DA:102,0
DA:103,0
DA:104,0
DA:107,0
DA:108,0
DA:110,0
DA:111,0
DA:112,0
DA:117,0
DA:118,0
DA:119,0
DA:121,0
LF:17
LH:0
BRF:0
BRH:0
end_of_record
TN:
SF:E:\THU life\大二下\软件工程\test-frontend\src\components\admin_fixing\SelectFixingBeta.vue
FN:48,(anonymous_1)
FN:49,(anonymous_2)
FN:55,(anonymous_3)
FN:56,(anonymous_4)
FN:62,(anonymous_5)
FN:110,(anonymous_6)
FN:114,(anonymous_7)
FN:124,(anonymous_8)
FN:126,(anonymous_9)
FN:134,(anonymous_10)
FN:137,(anonymous_11)
FN:143,(anonymous_12)
FN:152,(anonymous_13)
FNF:13
FNH:0
FNDA:0,(anonymous_1)
FNDA:0,(anonymous_2)
FNDA:0,(anonymous_3)
FNDA:0,(anonymous_4)
FNDA:0,(anonymous_5)
FNDA:0,(anonymous_6)
FNDA:0,(anonymous_7)
FNDA:0,(anonymous_8)
FNDA:0,(anonymous_9)
FNDA:0,(anonymous_10)
FNDA:0,(anonymous_11)
FNDA:0,(anonymous_12)
FNDA:0,(anonymous_13)
DA:49,0
DA:50,0
DA:56,0
DA:57,0
DA:63,0
DA:115,0
DA:116,0
DA:117,0
DA:119,0
DA:120,0
DA:121,0
DA:125,0
DA:126,0
DA:135,0
DA:136,0
DA:137,0
DA:138,0
DA:139,0
DA:140,0
DA:145,0
DA:153,0
DA:154,0
DA:155,0
DA:157,0
LF:24
LH:0
BRDA:136,0,0,0
BRDA:136,0,1,0
BRDA:145,1,0,0
BRDA:145,1,1,0
BRF:4
BRH:0
end_of_record
TN:
SF:E:\THU life\大二下\软件工程\test-frontend\src\components\admin_page\ExhibitionOverview.vue
FN:183,(anonymous_1)
FN:185,(anonymous_2)
FN:190,(anonymous_3)
FN:195,(anonymous_4)
FN:212,(anonymous_5)
FN:245,(anonymous_6)
FN:248,(anonymous_7)
FN:255,(anonymous_8)
FN:262,(anonymous_9)
FN:271,(anonymous_10)
FN:275,(anonymous_11)
FN:281,(anonymous_12)
FN:287,(anonymous_13)
FN:296,(anonymous_14)
FN:302,(anonymous_15)
FN:309,(anonymous_16)
FN:320,(anonymous_17)
FN:324,(anonymous_18)
FN:332,(anonymous_19)
FN:340,(anonymous_20)
FN:351,(anonymous_21)
FN:359,(anonymous_22)
FN:367,(anonymous_23)
FN:379,(anonymous_24)
FN:386,(anonymous_25)
FN:396,(anonymous_26)
FN:404,(anonymous_27)
FN:412,(anonymous_28)
FN:417,(anonymous_29)
FN:422,(anonymous_30)
FNF:30
FNH:25
FNDA:1,(anonymous_1)
FNDA:1,(anonymous_2)
FNDA:1,(anonymous_3)
FNDA:1,(anonymous_4)
FNDA:1,(anonymous_5)
FNDA:1,(anonymous_6)
FNDA:1,(anonymous_7)
FNDA:0,(anonymous_8)
FNDA:0,(anonymous_9)
FNDA:1,(anonymous_10)
FNDA:1,(anonymous_11)
FNDA:1,(anonymous_12)
FNDA:1,(anonymous_13)
FNDA:0,(anonymous_14)
FNDA:0,(anonymous_15)
FNDA:0,(anonymous_16)
FNDA:3,(anonymous_17)
FNDA:1,(anonymous_18)
FNDA:1,(anonymous_19)
FNDA:1,(anonymous_20)
FNDA:1,(anonymous_21)
FNDA:1,(anonymous_22)
FNDA:1,(anonymous_23)
FNDA:2,(anonymous_24)
FNDA:1,(anonymous_25)
FNDA:1,(anonymous_26)
FNDA:1,(anonymous_27)
FNDA:1,(anonymous_28)
FNDA:1,(anonymous_29)
FNDA:1,(anonymous_30)
DA:179,1
DA:180,1
DA:181,1
DA:184,1
DA:185,1
DA:188,1
DA:190,1
DA:193,1
DA:195,1
DA:198,1
DA:200,1
DA:213,1
DA:246,1
DA:247,1
DA:248,1
DA:251,1
DA:253,0
DA:254,0
DA:255,0
DA:258,0
DA:260,0
DA:261,0
DA:262,0
DA:265,0
DA:268,0
DA:272,1
DA:274,1
DA:275,1
DA:279,1
DA:281,1
DA:285,1
DA:287,1
DA:291,1
DA:293,0
DA:295,0
DA:296,0
DA:300,0
DA:302,0
DA:307,0
DA:309,0
DA:314,0
DA:317,0
DA:321,3
DA:323,1
DA:324,1
DA:330,1
DA:332,1
DA:338,1
DA:340,1
DA:346,1
DA:348,2
DA:350,1
DA:351,1
DA:357,1
DA:359,1
DA:365,1
DA:367,1
DA:373,1
DA:376,1
DA:380,2
DA:381,2
DA:382,2
DA:383,2
DA:384,2
DA:387,1
DA:388,1
DA:394,1
DA:397,1
DA:398,1
DA:399,1
DA:400,1
DA:401,1
DA:402,1
DA:405,1
DA:408,1
DA:412,1
DA:415,1
DA:417,1
DA:420,1
DA:422,1
DA:425,1
DA:427,1
LF:82
LH:64
BRDA:246,0,0,1
BRDA:246,0,1,0
BRDA:253,1,0,0
BRDA:253,1,1,0
BRDA:260,2,0,0
BRDA:260,2,1,0
BRDA:272,3,0,1
BRDA:272,3,1,0
BRDA:293,4,0,0
BRDA:293,4,1,0
BRDA:321,5,0,1
BRDA:321,5,1,2
BRDA:348,6,0,1
BRDA:348,6,1,1
BRF:14
BRH:6
end_of_record
TN:
SF:E:\THU life\大二下\软件工程\test-frontend\src\components\admin_page\FixOverview.vue
FN:170,(anonymous_1)
FN:172,(anonymous_2)
FN:178,(anonymous_3)
FN:184,(anonymous_4)
FN:202,(anonymous_5)
FN:233,(anonymous_6)
FN:236,(anonymous_7)
FN:244,(anonymous_8)
FN:252,(anonymous_9)
FN:262,(anonymous_10)
FN:270,(anonymous_11)
FN:278,(anonymous_12)
FN:284,(anonymous_13)
FN:290,(anonymous_14)
FN:297,(anonymous_15)
FN:301,(anonymous_16)
FN:308,(anonymous_17)
FN:315,(anonymous_18)
FN:325,(anonymous_19)
FN:332,(anonymous_20)
FN:340,(anonymous_21)
FN:351,(anonymous_22)
FN:355,(anonymous_23)
FN:364,(anonymous_24)
FN:373,(anonymous_25)
FN:385,(anonymous_26)
FN:394,(anonymous_27)
FN:403,(anonymous_28)
FN:416,(anonymous_29)
FN:420,(anonymous_30)
FN:425,(anonymous_31)
FN:428,(anonymous_32)
FN:431,(anonymous_33)
FNF:33
FNH:27
FNDA:1,(anonymous_1)
FNDA:1,(anonymous_2)
FNDA:1,(anonymous_3)
FNDA:1,(anonymous_4)
FNDA:1,(anonymous_5)
FNDA:1,(anonymous_6)
FNDA:1,(anonymous_7)
FNDA:0,(anonymous_8)
FNDA:0,(anonymous_9)
FNDA:1,(anonymous_10)
FNDA:1,(anonymous_11)
FNDA:1,(anonymous_12)
FNDA:1,(anonymous_13)
FNDA:1,(anonymous_14)
FNDA:1,(anonymous_15)
FNDA:1,(anonymous_16)
FNDA:1,(anonymous_17)
FNDA:1,(anonymous_18)
FNDA:0,(anonymous_19)
FNDA:0,(anonymous_20)
FNDA:0,(anonymous_21)
FNDA:3,(anonymous_22)
FNDA:1,(anonymous_23)
FNDA:1,(anonymous_24)
FNDA:1,(anonymous_25)
FNDA:1,(anonymous_26)
FNDA:1,(anonymous_27)
FNDA:1,(anonymous_28)
FNDA:1,(anonymous_29)
FNDA:1,(anonymous_30)
FNDA:0,(anonymous_31)
FNDA:1,(anonymous_32)
FNDA:1,(anonymous_33)
DA:166,1
DA:167,1
DA:168,1
DA:171,1
DA:172,1
DA:176,1
DA:178,1
DA:182,1
DA:184,1
DA:188,1
DA:190,1
DA:203,1
DA:234,1
DA:235,1
DA:236,1
DA:240,1
DA:242,0
DA:243,0
DA:244,0
DA:248,0
DA:250,0
DA:251,0
DA:252,0
DA:256,0
DA:259,0
DA:263,1
DA:264,1
DA:265,1
DA:266,1
DA:267,1
DA:268,1
DA:271,1
DA:274,1
DA:278,1
DA:282,1
DA:284,1
DA:288,1
DA:290,1
DA:294,1
DA:298,1
DA:300,1
DA:301,1
DA:306,1
DA:308,1
DA:313,1
DA:315,1
DA:320,1
DA:322,0
DA:324,0
DA:325,0
DA:330,0
DA:332,0
DA:338,0
DA:340,0
DA:345,0
DA:348,0
DA:352,3
DA:354,1
DA:355,1
DA:362,1
DA:364,1
DA:371,1
DA:373,1
DA:380,1
DA:382,2
DA:384,1
DA:385,1
DA:392,1
DA:394,1
DA:401,1
DA:403,1
DA:410,1
DA:413,1
DA:417,1
DA:418,1
DA:421,1
DA:422,1
DA:426,0
DA:429,1
DA:432,1
LF:80
LH:61
BRDA:234,0,0,1
BRDA:234,0,1,0
BRDA:242,1,0,0
BRDA:242,1,1,0
BRDA:250,2,0,0
BRDA:250,2,1,0
BRDA:298,3,0,1
BRDA:298,3,1,0
BRDA:322,4,0,0
BRDA:322,4,1,0
BRDA:352,5,0,1
BRDA:352,5,1,2
BRDA:382,6,0,1
BRDA:382,6,1,1
BRF:14
BRH:6
end_of_record
TN:
SF:E:\THU life\大二下\软件工程\test-frontend\src\components\admin_page\UserManagement.vue
FN:98,(anonymous_1)
FN:102,(anonymous_2)
FN:124,(anonymous_3)
FN:125,(anonymous_4)
FN:130,(anonymous_5)
FN:135,(anonymous_6)
FN:142,(anonymous_7)
FN:145,(anonymous_8)
FN:152,(anonymous_9)
FN:159,(anonymous_10)
FN:168,(anonymous_11)
FN:170,(anonymous_12)
FN:176,(anonymous_13)
FN:182,(anonymous_14)
FN:190,(anonymous_15)
FN:201,(anonymous_16)
FN:208,(anonymous_17)
FN:217,(anonymous_18)
FN:227,(anonymous_19)
FNF:19
FNH:19
FNDA:1,(anonymous_1)
FNDA:1,(anonymous_2)
FNDA:5,(anonymous_3)
FNDA:5,(anonymous_4)
FNDA:5,(anonymous_5)
FNDA:5,(anonymous_6)
FNDA:4,(anonymous_7)
FNDA:1,(anonymous_8)
FNDA:1,(anonymous_9)
FNDA:1,(anonymous_10)
FNDA:1,(anonymous_11)
FNDA:1,(anonymous_12)
FNDA:1,(anonymous_13)
FNDA:1,(anonymous_14)
FNDA:3,(anonymous_15)
FNDA:1,(anonymous_16)
FNDA:1,(anonymous_17)
FNDA:1,(anonymous_18)
FNDA:1,(anonymous_19)
DA:95,1
DA:96,1
DA:99,1
DA:100,1
DA:103,1
DA:125,5
DA:128,5
DA:130,5
DA:133,5
DA:135,5
DA:138,5
DA:140,5
DA:143,4
DA:144,1
DA:145,1
DA:148,1
DA:150,3
DA:151,1
DA:152,1
DA:155,1
DA:157,2
DA:158,1
DA:159,1
DA:162,1
DA:165,1
DA:169,1
DA:170,1
DA:174,1
DA:176,1
DA:180,1
DA:182,1
DA:186,1
DA:188,1
DA:191,3
DA:193,1
DA:194,2
DA:196,1
DA:198,1
DA:202,1
DA:205,1
DA:206,1
DA:209,1
DA:212,1
DA:215,1
DA:218,1
DA:221,1
DA:225,1
DA:228,1
DA:231,1
DA:235,1
LF:50
LH:50
BRDA:143,0,0,1
BRDA:143,0,1,3
BRDA:150,1,0,1
BRDA:150,1,1,2
BRDA:157,2,0,1
BRDA:157,2,1,1
BRDA:191,3,0,1
BRDA:191,3,1,2
BRDA:194,4,0,1
BRDA:194,4,1,1
BRF:10
BRH:10
end_of_record
TN:
SF:E:\THU life\大二下\软件工程\test-frontend\src\views\AdminPage.vue
FN:48,(anonymous_1)
FN:71,(anonymous_2)
FN:81,(anonymous_3)
FN:85,(anonymous_4)
FN:94,(anonymous_5)
FN:97,(anonymous_6)
FNF:6
FNH:0
FNDA:0,(anonymous_1)
FNDA:0,(anonymous_2)
FNDA:0,(anonymous_3)
FNDA:0,(anonymous_4)
FNDA:0,(anonymous_5)
FNDA:0,(anonymous_6)
DA:39,0
DA:40,0
DA:41,0
DA:42,0
DA:43,0
DA:44,0
DA:45,0
DA:46,0
DA:49,0
DA:50,0
DA:51,0
DA:52,0
DA:53,0
DA:54,0
DA:55,0
DA:56,0
DA:57,0
DA:58,0
DA:60,0
DA:72,0
DA:82,0
DA:83,0
DA:84,0
DA:85,0
DA:86,0
DA:87,0
DA:88,0
DA:89,0
DA:90,0
DA:91,0
DA:95,0
DA:98,0
DA:99,0
DA:100,0
DA:102,0
DA:104,0
LF:36
LH:0
BRDA:49,0,0,0
BRDA:49,0,1,0
BRDA:53,1,0,0
BRDA:53,1,1,0
BRDA:99,2,0,0
BRDA:99,2,1,0
BRF:6
BRH:0
end_of_record
TN:
SF:E:\THU life\大二下\软件工程\test-frontend\src\views\AllExhibsView.vue
FN:192,(anonymous_1)
FN:212,(anonymous_2)
FN:226,(anonymous_3)
FN:239,(anonymous_4)
FN:272,(anonymous_5)
FN:280,(anonymous_6)
FN:284,(anonymous_7)
FN:293,(anonymous_8)
FN:298,(anonymous_9)
FN:302,(anonymous_10)
FN:309,(anonymous_11)
FN:318,(anonymous_12)
FN:323,(anonymous_13)
FN:345,(anonymous_14)
FN:350,(anonymous_15)
FN:368,(anonymous_16)
FN:373,(anonymous_17)
FN:378,(anonymous_18)
FNF:18
FNH:9
FNDA:1,(anonymous_1)
FNDA:0,(anonymous_2)
FNDA:1,(anonymous_3)
FNDA:1,(anonymous_4)
FNDA:0,(anonymous_5)
FNDA:0,(anonymous_6)
FNDA:0,(anonymous_7)
FNDA:1,(anonymous_8)
FNDA:0,(anonymous_9)
FNDA:0,(anonymous_10)
FNDA:0,(anonymous_11)
FNDA:1,(anonymous_12)
FNDA:0,(anonymous_13)
FNDA:1,(anonymous_14)
FNDA:0,(anonymous_15)
FNDA:8,(anonymous_16)
FNDA:4,(anonymous_17)
FNDA:4,(anonymous_18)
DA:177,1
DA:178,1
DA:179,1
DA:180,1
DA:181,1
DA:182,1
DA:183,1
DA:193,1
DA:194,0
DA:195,0
DA:196,0
DA:197,1
DA:198,0
DA:199,0
DA:200,0
DA:201,0
DA:202,0
DA:204,1
DA:207,1
DA:208,0
DA:211,0
DA:212,0
DA:217,0
DA:218,0
DA:220,0
DA:221,0
DA:222,0
DA:226,1
DA:229,1
DA:230,0
DA:232,1
DA:233,1
DA:234,1
DA:240,1
DA:273,0
DA:274,0
DA:275,0
DA:276,0
DA:278,0
DA:281,0
DA:282,0
DA:283,0
DA:284,0
DA:285,0
DA:286,0
DA:287,0
DA:288,0
DA:289,0
DA:290,0
DA:294,1
DA:295,1
DA:296,1
DA:299,0
DA:300,0
DA:303,0
DA:304,0
DA:305,0
DA:306,0
DA:310,0
DA:311,0
DA:312,0
DA:314,0
DA:316,0
DA:319,1
DA:320,1
DA:321,0
DA:323,0
DA:325,0
DA:326,0
DA:328,0
DA:329,0
DA:330,0
DA:331,0
DA:332,0
DA:333,0
DA:334,0
DA:346,1
DA:347,1
DA:348,0
DA:350,0
DA:355,0
DA:356,0
DA:357,0
DA:359,0
DA:360,0
DA:369,8
DA:371,8
DA:374,4
DA:375,4
DA:376,4
DA:377,4
DA:378,4
DA:383,4
DA:384,0
DA:386,4
DA:387,4
DA:388,4
LF:97
LH:35
BRDA:193,0,0,0
BRDA:193,0,1,1
BRDA:197,1,0,0
BRDA:197,1,1,1
BRDA:207,2,0,0
BRDA:207,2,1,1
BRDA:217,3,0,0
BRDA:217,3,1,0
BRDA:229,4,0,0
BRDA:229,4,1,1
BRDA:274,5,0,0
BRDA:274,5,1,0
BRDA:304,6,0,0
BRDA:304,6,1,0
BRDA:311,7,0,0
BRDA:311,7,1,0
BRDA:320,8,0,0
BRDA:320,8,1,0
BRDA:320,9,0,1
BRDA:320,9,1,0
BRDA:325,10,0,0
BRDA:325,10,1,0
BRDA:332,11,0,0
BRDA:332,11,1,0
BRDA:347,12,0,0
BRDA:347,12,1,0
BRDA:347,13,0,1
BRDA:347,13,1,0
BRDA:356,14,0,0
BRDA:356,14,1,0
BRDA:383,15,0,0
BRDA:383,15,1,4
BRF:32
BRH:7
end_of_record
TN:
SF:E:\THU life\大二下\软件工程\test-frontend\src\views\AllImagesView.vue
FN:188,(anonymous_1)
FN:208,(anonymous_2)
FN:222,(anonymous_3)
FN:236,(anonymous_4)
FN:270,(anonymous_5)
FN:274,(anonymous_6)
FN:283,(anonymous_7)
FN:288,(anonymous_8)
FN:292,(anonymous_9)
FN:300,(anonymous_10)
FN:309,(anonymous_11)
FN:314,(anonymous_12)
FN:336,(anonymous_13)
FN:341,(anonymous_14)
FN:359,(anonymous_15)
FN:364,(anonymous_16)
FN:369,(anonymous_17)
FNF:17
FNH:9
FNDA:1,(anonymous_1)
FNDA:0,(anonymous_2)
FNDA:1,(anonymous_3)
FNDA:1,(anonymous_4)
FNDA:0,(anonymous_5)
FNDA:0,(anonymous_6)
FNDA:1,(anonymous_7)
FNDA:0,(anonymous_8)
FNDA:0,(anonymous_9)
FNDA:0,(anonymous_10)
FNDA:1,(anonymous_11)
FNDA:0,(anonymous_12)
FNDA:1,(anonymous_13)
FNDA:0,(anonymous_14)
FNDA:8,(anonymous_15)
FNDA:4,(anonymous_16)
FNDA:4,(anonymous_17)
DA:173,1
DA:174,1
DA:175,1
DA:176,1
DA:177,1
DA:178,1
DA:179,1
DA:189,1
DA:190,0
DA:191,0
DA:192,0
DA:193,1
DA:194,0
DA:195,0
DA:196,0
DA:197,0
DA:198,0
DA:200,1
DA:203,1
DA:204,0
DA:207,0
DA:208,0
DA:213,0
DA:214,0
DA:216,0
DA:217,0
DA:218,0
DA:222,1
DA:226,1
DA:227,0
DA:229,1
DA:230,1
DA:231,1
DA:237,1
DA:271,0
DA:272,0
DA:273,0
DA:274,0
DA:275,0
DA:276,0
DA:277,0
DA:278,0
DA:279,0
DA:280,0
DA:284,1
DA:285,1
DA:286,1
DA:289,0
DA:290,0
DA:293,0
DA:294,0
DA:295,0
DA:296,0
DA:298,0
DA:301,0
DA:302,0
DA:303,0
DA:305,0
DA:307,0
DA:310,1
DA:311,1
DA:312,0
DA:314,0
DA:316,0
DA:317,0
DA:319,0
DA:320,0
DA:321,0
DA:322,0
DA:323,0
DA:324,0
DA:325,0
DA:337,1
DA:338,1
DA:339,0
DA:341,0
DA:346,0
DA:347,0
DA:348,0
DA:350,0
DA:351,0
DA:360,8
DA:362,8
DA:365,4
DA:366,4
DA:367,4
DA:368,4
DA:369,4
DA:374,4
DA:375,0
DA:377,4
DA:378,4
DA:379,4
LF:93
LH:35
BRDA:189,0,0,0
BRDA:189,0,1,1
BRDA:193,1,0,0
BRDA:193,1,1,1
BRDA:203,2,0,0
BRDA:203,2,1,1
BRDA:213,3,0,0
BRDA:213,3,1,0
BRDA:226,4,0,0
BRDA:226,4,1,1
BRDA:294,5,0,0
BRDA:294,5,1,0
BRDA:302,6,0,0
BRDA:302,6,1,0
BRDA:311,7,0,0
BRDA:311,7,1,0
BRDA:311,8,0,1
BRDA:311,8,1,0
BRDA:316,9,0,0
BRDA:316,9,1,0
BRDA:323,10,0,0
BRDA:323,10,1,0
BRDA:338,11,0,0
BRDA:338,11,1,0
BRDA:338,12,0,1
BRDA:338,12,1,0
BRDA:347,13,0,0
BRDA:347,13,1,0
BRDA:374,14,0,0
BRDA:374,14,1,4
BRF:30
BRH:7
end_of_record
TN:
SF:E:\THU life\大二下\软件工程\test-frontend\src\views\ExbtDetail.vue
FN:197,(anonymous_1)
FN:240,(anonymous_2)
FN:243,(anonymous_3)
FN:246,(anonymous_4)
FN:249,(anonymous_5)
FN:252,(anonymous_6)
FN:255,(anonymous_7)
FN:259,(anonymous_8)
FN:268,(anonymous_9)
FN:269,(anonymous_10)
FN:301,(anonymous_11)
FN:304,(anonymous_12)
FN:315,(anonymous_13)
FN:320,(anonymous_14)
FN:326,(anonymous_15)
FN:332,(anonymous_16)
FN:347,(anonymous_17)
FN:351,(anonymous_18)
FN:357,(anonymous_19)
FN:373,(anonymous_20)
FN:377,(anonymous_21)
FN:381,(anonymous_22)
FNF:22
FNH:7
FNDA:1,(anonymous_1)
FNDA:3,(anonymous_2)
FNDA:3,(anonymous_3)
FNDA:3,(anonymous_4)
FNDA:0,(anonymous_5)
FNDA:0,(anonymous_6)
FNDA:0,(anonymous_7)
FNDA:1,(anonymous_8)
FNDA:2,(anonymous_9)
FNDA:2,(anonymous_10)
FNDA:0,(anonymous_11)
FNDA:0,(anonymous_12)
FNDA:0,(anonymous_13)
FNDA:0,(anonymous_14)
FNDA:0,(anonymous_15)
FNDA:0,(anonymous_16)
FNDA:0,(anonymous_17)
FNDA:0,(anonymous_18)
FNDA:0,(anonymous_19)
FNDA:0,(anonymous_20)
FNDA:0,(anonymous_21)
FNDA:0,(anonymous_22)
DA:183,1
DA:184,1
DA:185,1
DA:186,1
DA:187,1
DA:188,1
DA:189,1
DA:198,1
DA:241,3
DA:244,3
DA:247,3
DA:250,0
DA:253,0
DA:256,0
DA:260,1
DA:262,1
DA:263,1
DA:264,1
DA:269,2
DA:273,2
DA:274,0
DA:277,2
DA:278,2
DA:279,2
DA:280,2
DA:281,2
DA:282,2
DA:283,2
DA:285,2
DA:286,2
DA:288,0
DA:290,2
DA:291,2
DA:293,0
DA:295,2
DA:296,2
DA:302,0
DA:305,0
DA:306,0
DA:307,0
DA:308,0
DA:309,0
DA:312,0
DA:313,0
DA:316,0
DA:317,0
DA:322,0
DA:323,0
DA:328,0
DA:329,0
DA:330,0
DA:332,0
DA:336,0
DA:337,0
DA:339,0
DA:340,0
DA:341,0
DA:342,0
DA:348,0
DA:352,0
DA:353,0
DA:354,0
DA:355,0
DA:357,0
DA:365,0
DA:366,0
DA:367,0
DA:369,0
DA:370,0
DA:371,0
DA:374,0
DA:378,0
DA:379,0
DA:382,0
DA:383,0
DA:384,0
DA:385,0
DA:386,0
DA:387,0
DA:388,0
DA:389,0
DA:390,0
DA:391,0
DA:392,0
DA:395,0
DA:396,0
LF:86
LH:30
BRDA:201,0,0,1
BRDA:201,0,1,1
BRDA:273,1,0,0
BRDA:273,1,1,2
BRDA:285,2,0,2
BRDA:285,2,1,0
BRDA:290,3,0,2
BRDA:290,3,1,0
BRDA:307,4,0,0
BRDA:307,4,1,0
BRDA:336,5,0,0
BRDA:336,5,1,0
BRDA:354,6,0,0
BRDA:354,6,1,0
BRDA:365,7,0,0
BRDA:365,7,1,0
BRDA:390,8,0,0
BRDA:390,8,1,0
BRDA:395,9,0,0
BRDA:395,9,1,0
BRF:20
BRH:5
end_of_record
TN:
SF:E:\THU life\大二下\软件工程\test-frontend\src\views\ImgFixingDetail.vue
FN:163,(anonymous_1)
FN:203,(anonymous_2)
FN:206,(anonymous_3)
FN:209,(anonymous_4)
FN:217,(anonymous_5)
FN:221,(anonymous_6)
FN:231,(anonymous_7)
FN:240,(anonymous_8)
FN:244,(anonymous_9)
FN:248,(anonymous_10)
FN:251,(anonymous_11)
FN:255,(anonymous_12)
FN:258,(anonymous_13)
FN:261,(anonymous_14)
FN:270,(anonymous_15)
FN:278,(anonymous_16)
FN:300,(anonymous_17)
FN:305,(anonymous_18)
FN:308,(anonymous_19)
FN:321,(anonymous_20)
FN:325,(anonymous_21)
FN:329,(anonymous_22)
FN:335,(anonymous_23)
FN:336,(anonymous_24)
FN:358,(anonymous_25)
FN:362,(anonymous_26)
FN:363,(anonymous_27)
FN:385,(anonymous_28)
FN:389,(anonymous_29)
FN:393,(anonymous_30)
FN:400,(anonymous_31)
FN:415,(anonymous_32)
FNF:32
FNH:0
FNDA:0,(anonymous_1)
FNDA:0,(anonymous_2)
FNDA:0,(anonymous_3)
FNDA:0,(anonymous_4)
FNDA:0,(anonymous_5)
FNDA:0,(anonymous_6)
FNDA:0,(anonymous_7)
FNDA:0,(anonymous_8)
FNDA:0,(anonymous_9)
FNDA:0,(anonymous_10)
FNDA:0,(anonymous_11)
FNDA:0,(anonymous_12)
FNDA:0,(anonymous_13)
FNDA:0,(anonymous_14)
FNDA:0,(anonymous_15)
FNDA:0,(anonymous_16)
FNDA:0,(anonymous_17)
FNDA:0,(anonymous_18)
FNDA:0,(anonymous_19)
FNDA:0,(anonymous_20)
FNDA:0,(anonymous_21)
FNDA:0,(anonymous_22)
FNDA:0,(anonymous_23)
FNDA:0,(anonymous_24)
FNDA:0,(anonymous_25)
FNDA:0,(anonymous_26)
FNDA:0,(anonymous_27)
FNDA:0,(anonymous_28)
FNDA:0,(anonymous_29)
FNDA:0,(anonymous_30)
FNDA:0,(anonymous_31)
FNDA:0,(anonymous_32)
DA:151,0
DA:152,0
DA:153,0
DA:154,0
DA:155,0
DA:164,0
DA:204,0
DA:207,0
DA:210,0
DA:211,0
DA:212,0
DA:215,0
DA:218,0
DA:223,0
DA:224,0
DA:225,0
DA:226,0
DA:228,0
DA:232,0
DA:233,0
DA:234,0
DA:235,0
DA:237,0
DA:242,0
DA:246,0
DA:249,0
DA:253,0
DA:256,0
DA:259,0
DA:262,0
DA:264,0
DA:265,0
DA:266,0
DA:268,0
DA:269,0
DA:270,0
DA:274,0
DA:275,0
DA:278,0
DA:282,0
DA:283,0
DA:284,0
DA:285,0
DA:286,0
DA:287,0
DA:289,0
DA:290,0
DA:291,0
DA:292,0
DA:294,0
DA:296,0
DA:301,0
DA:303,0
DA:305,0
DA:306,0
DA:307,0
DA:308,0
DA:310,0
DA:311,0
DA:312,0
DA:319,0
DA:322,0
DA:326,0
DA:327,0
DA:330,0
DA:336,0
DA:340,0
DA:341,0
DA:342,0
DA:343,0
DA:344,0
DA:345,0
DA:347,0
DA:348,0
DA:349,0
DA:350,0
DA:352,0
DA:354,0
DA:359,0
DA:363,0
DA:367,0
DA:368,0
DA:370,0
DA:372,0
DA:375,0
DA:376,0
DA:377,0
DA:379,0
DA:386,0
DA:390,0
DA:391,0
DA:392,0
DA:393,0
DA:397,0
DA:398,0
DA:399,0
DA:401,0
DA:403,0
DA:404,0
DA:405,0
DA:406,0
DA:408,0
DA:409,0
DA:411,0
DA:416,0
LF:105
LH:0
BRDA:226,0,0,0
BRDA:226,0,1,0
BRDA:232,1,0,0
BRDA:232,1,1,0
BRDA:234,2,0,0
BRDA:234,2,1,0
BRDA:268,3,0,0
BRDA:268,3,1,0
BRDA:274,4,0,0
BRDA:274,4,1,0
BRDA:291,5,0,0
BRDA:291,5,1,0
BRDA:349,6,0,0
BRDA:349,6,1,0
BRDA:376,7,0,0
BRDA:376,7,1,0
BRDA:403,8,0,0
BRDA:403,8,1,0
BRDA:408,9,0,0
BRDA:408,9,1,0
BRF:20
BRH:0
end_of_record
TN:
SF:E:\THU life\大二下\软件工程\test-frontend\src\views\IndexView.vue
FN:195,(anonymous_1)
FN:211,(anonymous_2)
FN:234,(anonymous_3)
FN:264,(anonymous_4)
FN:272,(anonymous_5)
FN:280,(anonymous_6)
FN:284,(anonymous_7)
FN:293,(anonymous_8)
FN:298,(anonymous_9)
FN:302,(anonymous_10)
FN:309,(anonymous_11)
FN:318,(anonymous_12)
FN:323,(anonymous_13)
FN:345,(anonymous_14)
FN:350,(anonymous_15)
FNF:15
FNH:0
FNDA:0,(anonymous_1)
FNDA:0,(anonymous_2)
FNDA:0,(anonymous_3)
FNDA:0,(anonymous_4)
FNDA:0,(anonymous_5)
FNDA:0,(anonymous_6)
FNDA:0,(anonymous_7)
FNDA:0,(anonymous_8)
FNDA:0,(anonymous_9)
FNDA:0,(anonymous_10)
FNDA:0,(anonymous_11)
FNDA:0,(anonymous_12)
FNDA:0,(anonymous_13)
FNDA:0,(anonymous_14)
FNDA:0,(anonymous_15)
DA:180,0
DA:181,0
DA:182,0
DA:183,0
DA:184,0
DA:185,0
DA:186,0
DA:197,0
DA:198,0
DA:199,0
DA:200,0
DA:201,0
DA:202,0
DA:203,0
DA:204,0
DA:205,0
DA:206,0
DA:208,0
DA:211,0
DA:215,0
DA:216,0
DA:217,0
DA:218,0
DA:219,0
DA:220,0
DA:223,0
DA:224,0
DA:225,0
DA:226,0
DA:227,0
DA:228,0
DA:229,0
DA:235,0
DA:265,0
DA:266,0
DA:267,0
DA:268,0
DA:270,0
DA:273,0
DA:274,0
DA:275,0
DA:276,0
DA:278,0
DA:281,0
DA:282,0
DA:283,0
DA:284,0
DA:285,0
DA:286,0
DA:287,0
DA:288,0
DA:289,0
DA:290,0
DA:294,0
DA:295,0
DA:296,0
DA:299,0
DA:300,0
DA:303,0
DA:304,0
DA:305,0
DA:306,0
DA:310,0
DA:311,0
DA:312,0
DA:314,0
DA:316,0
DA:319,0
DA:320,0
DA:321,0
DA:323,0
DA:325,0
DA:326,0
DA:328,0
DA:329,0
DA:330,0
DA:331,0
DA:332,0
DA:333,0
DA:334,0
DA:346,0
DA:347,0
DA:348,0
DA:350,0
DA:355,0
DA:356,0
DA:357,0
DA:359,0
DA:360,0
LF:89
LH:0
BRDA:197,0,0,0
BRDA:197,0,1,0
BRDA:201,1,0,0
BRDA:201,1,1,0
BRDA:217,2,0,0
BRDA:217,2,1,0
BRDA:219,3,0,0
BRDA:219,3,1,0
BRDA:224,4,0,0
BRDA:224,4,1,0
BRDA:226,5,0,0
BRDA:226,5,1,0
BRDA:228,6,0,0
BRDA:228,6,1,0
BRDA:266,7,0,0
BRDA:266,7,1,0
BRDA:274,8,0,0
BRDA:274,8,1,0
BRDA:304,9,0,0
BRDA:304,9,1,0
BRDA:311,10,0,0
BRDA:311,10,1,0
BRDA:320,11,0,0
BRDA:320,11,1,0
BRDA:320,12,0,0
BRDA:320,12,1,0
BRDA:325,13,0,0
BRDA:325,13,1,0
BRDA:332,14,0,0
BRDA:332,14,1,0
BRDA:347,15,0,0
BRDA:347,15,1,0
BRDA:347,16,0,0
BRDA:347,16,1,0
BRDA:356,17,0,0
BRDA:356,17,1,0
BRF:36
BRH:0
end_of_record
TN:
SF:E:\THU life\大二下\软件工程\test-frontend\src\views\MainSearchView.vue
FN:92,(anonymous_1)
FN:107,(anonymous_2)
FN:137,(anonymous_3)
FN:141,(anonymous_4)
FN:150,(anonymous_5)
FN:155,(anonymous_6)
FN:159,(anonymous_7)
FN:166,(anonymous_8)
FN:175,(anonymous_9)
FN:180,(anonymous_10)
FN:202,(anonymous_11)
FN:207,(anonymous_12)
FN:225,(anonymous_13)
FNF:13
FNH:5
FNDA:1,(anonymous_1)
FNDA:1,(anonymous_2)
FNDA:0,(anonymous_3)
FNDA:0,(anonymous_4)
FNDA:1,(anonymous_5)
FNDA:0,(anonymous_6)
FNDA:0,(anonymous_7)
FNDA:0,(anonymous_8)
FNDA:1,(anonymous_9)
FNDA:0,(anonymous_10)
FNDA:1,(anonymous_11)
FNDA:0,(anonymous_12)
FNDA:0,(anonymous_13)
DA:77,1
DA:78,1
DA:79,1
DA:80,1
DA:81,1
DA:82,1
DA:83,1
DA:93,1
DA:94,0
DA:95,0
DA:96,0
DA:97,1
DA:98,0
DA:99,0
DA:100,0
DA:101,0
DA:102,0
DA:104,1
DA:108,1
DA:138,0
DA:139,0
DA:140,0
DA:141,0
DA:142,0
DA:143,0
DA:144,0
DA:145,0
DA:146,0
DA:147,0
DA:151,1
DA:152,1
DA:153,1
DA:156,0
DA:157,0
DA:160,0
DA:161,0
DA:162,0
DA:163,0
DA:167,0
DA:168,0
DA:169,0
DA:171,0
DA:173,0
DA:176,1
DA:177,1
DA:178,0
DA:180,0
DA:182,0
DA:183,0
DA:185,0
DA:186,0
DA:187,0
DA:188,0
DA:189,0
DA:190,0
DA:191,0
DA:203,1
DA:204,1
DA:205,0
DA:207,0
DA:212,0
DA:213,0
DA:214,0
DA:216,0
DA:217,0
DA:226,0
DA:227,0
DA:228,0
DA:230,0
DA:232,0
DA:237,0
LF:71
LH:18
BRDA:93,0,0,0
BRDA:93,0,1,1
BRDA:97,1,0,0
BRDA:97,1,1,1
BRDA:161,2,0,0
BRDA:161,2,1,0
BRDA:168,3,0,0
BRDA:168,3,1,0
BRDA:177,4,0,0
BRDA:177,4,1,0
BRDA:177,5,0,1
BRDA:177,5,1,0
BRDA:182,6,0,0
BRDA:182,6,1,0
BRDA:189,7,0,0
BRDA:189,7,1,0
BRDA:204,8,0,0
BRDA:204,8,1,0
BRDA:204,9,0,1
BRDA:204,9,1,0
BRDA:213,10,0,0
BRDA:213,10,1,0
BRDA:226,11,0,0
BRDA:226,11,1,0
BRF:24
BRH:4
end_of_record
TN:
SF:E:\THU life\大二下\软件工程\test-frontend\src\views\TestView.vue
FN:10,(anonymous_1)
FN:17,(anonymous_2)
FNF:2
FNH:0
FNDA:0,(anonymous_1)
FNDA:0,(anonymous_2)
DA:11,0
LF:1
LH:0
BRF:0
BRH:0
end_of_record
TN:
SF:E:\THU life\大二下\软件工程\test-frontend\src\views\UserExbtDetail.vue
FN:81,(anonymous_1)
FN:132,(anonymous_2)
FN:135,(anonymous_3)
FN:138,(anonymous_4)
FN:142,(anonymous_5)
FN:162,(anonymous_6)
FN:163,(anonymous_7)
FN:193,(anonymous_8)
FNF:8
FNH:7
FNDA:1,(anonymous_1)
FNDA:2,(anonymous_2)
FNDA:2,(anonymous_3)
FNDA:2,(anonymous_4)
FNDA:1,(anonymous_5)
FNDA:1,(anonymous_6)
FNDA:1,(anonymous_7)
FNDA:0,(anonymous_8)
DA:73,1
DA:74,1
DA:75,1
DA:76,1
DA:82,1
DA:133,2
DA:136,2
DA:139,2
DA:143,1
DA:145,1
DA:163,1
DA:166,1
DA:167,0
DA:170,1
DA:171,1
DA:172,1
DA:173,1
DA:174,1
DA:175,1
DA:176,1
DA:178,1
DA:179,1
DA:181,0
DA:183,1
DA:184,1
DA:186,0
DA:188,1
DA:194,0
LF:28
LH:24
BRDA:85,0,0,1
BRDA:85,0,1,1
BRDA:166,1,0,0
BRDA:166,1,1,1
BRDA:178,2,0,1
BRDA:178,2,1,0
BRDA:183,3,0,1
BRDA:183,3,1,0
BRF:8
BRH:5
end_of_record
TN:
SF:E:\THU life\大二下\软件工程\test-frontend\src\views\UserPicDetail.vue
FN:153,(anonymous_1)
FN:193,(anonymous_2)
FN:196,(anonymous_3)
FN:199,(anonymous_4)
FN:207,(anonymous_5)
FN:211,(anonymous_6)
FN:221,(anonymous_7)
FN:230,(anonymous_8)
FN:234,(anonymous_9)
FN:238,(anonymous_10)
FN:241,(anonymous_11)
FN:245,(anonymous_12)
FN:248,(anonymous_13)
FN:251,(anonymous_14)
FN:260,(anonymous_15)
FN:268,(anonymous_16)
FN:290,(anonymous_17)
FN:295,(anonymous_18)
FN:298,(anonymous_19)
FN:311,(anonymous_20)
FN:315,(anonymous_21)
FN:319,(anonymous_22)
FN:325,(anonymous_23)
FN:326,(anonymous_24)
FN:348,(anonymous_25)
FN:352,(anonymous_26)
FN:353,(anonymous_27)
FN:375,(anonymous_28)
FN:379,(anonymous_29)
FN:383,(anonymous_30)
FN:390,(anonymous_31)
FN:405,(anonymous_32)
FNF:32
FNH:0
FNDA:0,(anonymous_1)
FNDA:0,(anonymous_2)
FNDA:0,(anonymous_3)
FNDA:0,(anonymous_4)
FNDA:0,(anonymous_5)
FNDA:0,(anonymous_6)
FNDA:0,(anonymous_7)
FNDA:0,(anonymous_8)
FNDA:0,(anonymous_9)
FNDA:0,(anonymous_10)
FNDA:0,(anonymous_11)
FNDA:0,(anonymous_12)
FNDA:0,(anonymous_13)
FNDA:0,(anonymous_14)
FNDA:0,(anonymous_15)
FNDA:0,(anonymous_16)
FNDA:0,(anonymous_17)
FNDA:0,(anonymous_18)
FNDA:0,(anonymous_19)
FNDA:0,(anonymous_20)
FNDA:0,(anonymous_21)
FNDA:0,(anonymous_22)
FNDA:0,(anonymous_23)
FNDA:0,(anonymous_24)
FNDA:0,(anonymous_25)
FNDA:0,(anonymous_26)
FNDA:0,(anonymous_27)
FNDA:0,(anonymous_28)
FNDA:0,(anonymous_29)
FNDA:0,(anonymous_30)
FNDA:0,(anonymous_31)
FNDA:0,(anonymous_32)
DA:141,0
DA:142,0
DA:143,0
DA:144,0
DA:145,0
DA:154,0
DA:194,0
DA:197,0
DA:200,0
DA:201,0
DA:202,0
DA:205,0
DA:208,0
DA:213,0
DA:214,0
DA:215,0
DA:216,0
DA:218,0
DA:222,0
DA:223,0
DA:224,0
DA:225,0
DA:227,0
DA:232,0
DA:236,0
DA:239,0
DA:243,0
DA:246,0
DA:249,0
DA:252,0
DA:254,0
DA:255,0
DA:256,0
DA:258,0
DA:259,0
DA:260,0
DA:264,0
DA:265,0
DA:268,0
DA:272,0
DA:273,0
DA:274,0
DA:275,0
DA:276,0
DA:277,0
DA:279,0
DA:280,0
DA:281,0
DA:282,0
DA:284,0
DA:286,0
DA:291,0
DA:293,0
DA:295,0
DA:296,0
DA:297,0
DA:298,0
DA:300,0
DA:301,0
DA:302,0
DA:309,0
DA:312,0
DA:316,0
DA:317,0
DA:320,0
DA:326,0
DA:330,0
DA:331,0
DA:332,0
DA:333,0
DA:334,0
DA:335,0
DA:337,0
DA:338,0
DA:339,0
DA:340,0
DA:342,0
DA:344,0
DA:349,0
DA:353,0
DA:357,0
DA:358,0
DA:360,0
DA:362,0
DA:365,0
DA:366,0
DA:367,0
DA:369,0
DA:376,0
DA:380,0
DA:381,0
DA:382,0
DA:383,0
DA:387,0
DA:388,0
DA:389,0
DA:391,0
DA:393,0
DA:394,0
DA:395,0
DA:396,0
DA:398,0
DA:399,0
DA:401,0
DA:406,0
LF:105
LH:0
BRDA:216,0,0,0
BRDA:216,0,1,0
BRDA:222,1,0,0
BRDA:222,1,1,0
BRDA:224,2,0,0
BRDA:224,2,1,0
BRDA:258,3,0,0
BRDA:258,3,1,0
BRDA:264,4,0,0
BRDA:264,4,1,0
BRDA:281,5,0,0
BRDA:281,5,1,0
BRDA:339,6,0,0
BRDA:339,6,1,0
BRDA:366,7,0,0
BRDA:366,7,1,0
BRDA:393,8,0,0
BRDA:393,8,1,0
BRDA:398,9,0,0
BRDA:398,9,1,0
BRF:20
BRH:0
end_of_record
TN:
SF:E:\THU life\大二下\软件工程\test-frontend\src\views\UserView.vue
FN:60,(anonymous_1)
FNF:1
FNH:0
FNDA:0,(anonymous_1)
DA:50,0
DA:51,0
DA:52,0
DA:61,0
LF:4
LH:0
BRF:0
BRH:0
end_of_record
